<?xml version="1.0" encoding="UTF-8"?>
<!-- Generated by org.testng.reporters.JUnitReportReporter -->
<testsuite hostname="LAPTOP-9RBB3NT5" failures="0" tests="1" name="com.hrms.selenium.TC_002" time="27.332" errors="0" timestamp="2 Feb 2023 11:32:43 GMT">
  <testcase classname="com.hrms.selenium.TC_002" name="tc002" time="27.332"/>
</testsuite> <!-- com.hrms.selenium.TC_002 -->
